# JRE version: OpenJDK Runtime Environment (17.0.7) (build 17.0.7+0-b2043.56-10550314)
# Java VM: OpenJDK 64-Bit Server VM (17.0.7+0-b2043.56-10550314, mixed mode, tiered, compressed oops, compressed class ptrs, g1 gc, windows-amd64)
GC Precious Log:
 CPUs: 4 total, 4 available
 Memory: 10177M
 Large Page Support: Disabled
 NUMA Support: Disabled
 Compressed Oops: Enabled (Zero based)
 Heap Region Size: 4M
 Heap Min Capacity: 8M
 Heap Initial Capacity: 160M
 Heap Max Capacity: 4608M
 Pre-touch: Disabled
 Parallel Workers: 4
 Concurrent Workers: 1
 Concurrent Refinement Workers: 4
 Periodic GC: Disabled
Heap:
 garbage-first heap   total 962560K, used 273616K [0x00000006e0000000, 0x0000000800000000)
  region size 4096K, 9 young (36864K), 9 survivors (36864K)
 Metaspace       used 132435K, committed 133312K, reserved 1179648K
  class space    used 17712K, committed 18112K, reserved 1048576K
GC Heap History (20 events):
Event: 713.341 GC heap after
{Heap after GC invocations=65 (full 0):
 garbage-first heap   total 962560K, used 181805K [0x00000006e0000000, 0x0000000800000000)
  region size 4096K, 1 young (4096K), 1 survivors (4096K)
 Metaspace       used 123406K, committed 124288K, reserved 1179648K
  class space    used 16549K, committed 16960K, reserved 1048576K
}
Event: 722.026 GC heap before
{Heap before GC invocations=65 (full 0):
 garbage-first heap   total 962560K, used 706093K [0x00000006e0000000, 0x0000000800000000)
  region size 4096K, 124 young (507904K), 1 survivors (4096K)
 Metaspace       used 128508K, committed 129408K, reserved 1179648K
  class space    used 17153K, committed 17600K, reserved 1048576K
}
Event: 722.181 GC heap after
{Heap after GC invocations=66 (full 0):
 garbage-first heap   total 962560K, used 206562K [0x00000006e0000000, 0x0000000800000000)
  region size 4096K, 5 young (20480K), 5 survivors (20480K)
 Metaspace       used 128508K, committed 129408K, reserved 1179648K
  class space    used 17153K, committed 17600K, reserved 1048576K
}
Event: 729.452 GC heap before
{Heap before GC invocations=66 (full 0):
 garbage-first heap   total 962560K, used 698082K [0x00000006e0000000, 0x0000000800000000)
  region size 4096K, 125 young (512000K), 5 survivors (20480K)
 Metaspace       used 129436K, committed 130304K, reserved 1179648K
  class space    used 17277K, committed 17728K, reserved 1048576K
}
Event: 729.568 GC heap after
{Heap after GC invocations=67 (full 0):
 garbage-first heap   total 962560K, used 228229K [0x00000006e0000000, 0x0000000800000000)
  region size 4096K, 10 young (40960K), 10 survivors (40960K)
 Metaspace       used 129436K, committed 130304K, reserved 1179648K
  class space    used 17277K, committed 17728K, reserved 1048576K
}
Event: 733.151 GC heap before
{Heap before GC invocations=67 (full 0):
 garbage-first heap   total 962560K, used 760709K [0x00000006e0000000, 0x0000000800000000)
  region size 4096K, 140 young (573440K), 10 survivors (40960K)
 Metaspace       used 129562K, committed 130432K, reserved 1179648K
  class space    used 17289K, committed 17728K, reserved 1048576K
}
Event: 733.342 GC heap after
{Heap after GC invocations=68 (full 0):
 garbage-first heap   total 962560K, used 242061K [0x00000006e0000000, 0x0000000800000000)
  region size 4096K, 9 young (36864K), 9 survivors (36864K)
 Metaspace       used 129562K, committed 130432K, reserved 1179648K
  class space    used 17289K, committed 17728K, reserved 1048576K
}
Event: 736.934 GC heap before
{Heap before GC invocations=68 (full 0):
 garbage-first heap   total 962560K, used 655757K [0x00000006e0000000, 0x0000000800000000)
  region size 4096K, 110 young (450560K), 9 survivors (36864K)
 Metaspace       used 129641K, committed 130496K, reserved 1179648K
  class space    used 17292K, committed 17728K, reserved 1048576K
}
Event: 737.075 GC heap after
{Heap after GC invocations=69 (full 0):
 garbage-first heap   total 962560K, used 243472K [0x00000006e0000000, 0x0000000800000000)
  region size 4096K, 4 young (16384K), 4 survivors (16384K)
 Metaspace       used 129641K, committed 130496K, reserved 1179648K
  class space    used 17292K, committed 17728K, reserved 1048576K
}
Event: 740.444 GC heap before
{Heap before GC invocations=69 (full 0):
 garbage-first heap   total 962560K, used 792336K [0x00000006e0000000, 0x0000000800000000)
  region size 4096K, 138 young (565248K), 4 survivors (16384K)
 Metaspace       used 129690K, committed 130560K, reserved 1179648K
  class space    used 17297K, committed 17728K, reserved 1048576K
}
Event: 740.500 GC heap after
{Heap after GC invocations=70 (full 0):
 garbage-first heap   total 962560K, used 247410K [0x00000006e0000000, 0x0000000800000000)
  region size 4096K, 5 young (20480K), 5 survivors (20480K)
 Metaspace       used 129690K, committed 130560K, reserved 1179648K
  class space    used 17297K, committed 17728K, reserved 1048576K
}
Event: 744.884 GC heap before
{Heap before GC invocations=70 (full 0):
 garbage-first heap   total 962560K, used 804466K [0x00000006e0000000, 0x0000000800000000)
  region size 4096K, 141 young (577536K), 5 survivors (20480K)
 Metaspace       used 130167K, committed 131072K, reserved 1179648K
  class space    used 17371K, committed 17792K, reserved 1048576K
}
Event: 744.947 GC heap after
{Heap after GC invocations=71 (full 0):
 garbage-first heap   total 962560K, used 251343K [0x00000006e0000000, 0x0000000800000000)
  region size 4096K, 6 young (24576K), 6 survivors (24576K)
 Metaspace       used 130167K, committed 131072K, reserved 1179648K
  class space    used 17371K, committed 17792K, reserved 1048576K
}
Event: 748.830 GC heap before
{Heap before GC invocations=71 (full 0):
 garbage-first heap   total 962560K, used 800207K [0x00000006e0000000, 0x0000000800000000)
  region size 4096K, 141 young (577536K), 6 survivors (24576K)
 Metaspace       used 130419K, committed 131264K, reserved 1179648K
  class space    used 17389K, committed 17792K, reserved 1048576K
}
Event: 748.912 GC heap after
{Heap after GC invocations=72 (full 0):
 garbage-first heap   total 962560K, used 263952K [0x00000006e0000000, 0x0000000800000000)
  region size 4096K, 9 young (36864K), 9 survivors (36864K)
 Metaspace       used 130419K, committed 131264K, reserved 1179648K
  class space    used 17389K, committed 17792K, reserved 1048576K
}
Event: 752.885 GC heap before
{Heap before GC invocations=72 (full 0):
 garbage-first heap   total 962560K, used 804624K [0x00000006e0000000, 0x0000000800000000)
  region size 4096K, 141 young (577536K), 9 survivors (36864K)
 Metaspace       used 132021K, committed 132928K, reserved 1179648K
  class space    used 17661K, committed 18112K, reserved 1048576K
}
Event: 752.965 GC heap after
{Heap after GC invocations=73 (full 0):
 garbage-first heap   total 962560K, used 268048K [0x00000006e0000000, 0x0000000800000000)
  region size 4096K, 10 young (40960K), 10 survivors (40960K)
 Metaspace       used 132021K, committed 132928K, reserved 1179648K
  class space    used 17661K, committed 18112K, reserved 1048576K
}
Event: 757.180 GC heap before
{Heap before GC invocations=73 (full 0):
 garbage-first heap   total 962560K, used 804624K [0x00000006e0000000, 0x0000000800000000)
  region size 4096K, 141 young (577536K), 10 survivors (40960K)
 Metaspace       used 132263K, committed 133120K, reserved 1179648K
  class space    used 17699K, committed 18112K, reserved 1048576K
}
Event: 757.341 GC heap after
{Heap after GC invocations=74 (full 0):
 garbage-first heap   total 962560K, used 270267K [0x00000006e0000000, 0x0000000800000000)
  region size 4096K, 8 young (32768K), 8 survivors (32768K)
 Metaspace       used 132263K, committed 133120K, reserved 1179648K
  class space    used 17699K, committed 18112K, reserved 1048576K
}
Event: 760.804 GC heap before
{Heap before GC invocations=74 (full 0):
 garbage-first heap   total 962560K, used 815035K [0x00000006e0000000, 0x0000000800000000)
  region size 4096K, 141 young (577536K), 8 survivors (32768K)
 Metaspace       used 132435K, committed 133312K, reserved 1179648K
  class space    used 17712K, committed 18112K, reserved 1048576K
}

