# JRE version: OpenJDK Runtime Environment (17.0.7) (build 17.0.7+0-b2043.56-10550314)
# Java VM: OpenJDK 64-Bit Server VM (17.0.7+0-b2043.56-10550314, mixed mode, tiered, compressed oops, compressed class ptrs, g1 gc, windows-amd64)
GC Precious Log:
 CPUs: 4 total, 4 available
 Memory: 10177M
 Large Page Support: Disabled
 NUMA Support: Disabled
 Compressed Oops: Enabled (Zero based)
 Heap Region Size: 4M
 Heap Min Capacity: 8M
 Heap Initial Capacity: 160M
 Heap Max Capacity: 4608M
 Pre-touch: Disabled
 Parallel Workers: 4
 Concurrent Workers: 1
 Concurrent Refinement Workers: 4
 Periodic GC: Disabled
Heap:
 garbage-first heap   total 778240K, used 282624K [0x00000006e0000000, 0x0000000800000000)
  region size 4096K, 1 young (4096K), 1 survivors (4096K)
 Metaspace       used 149450K, committed 150784K, reserved 1245184K
  class space    used 19665K, committed 20288K, reserved 1048576K
GC Heap History (20 events):
Event: 2318.540 GC heap after
{Heap after GC invocations=76 (full 0):
 garbage-first heap   total 569344K, used 291839K [0x00000006e0000000, 0x0000000800000000)
  region size 4096K, 4 young (16384K), 4 survivors (16384K)
 Metaspace       used 145776K, committed 146752K, reserved 1179648K
  class space    used 19439K, committed 19904K, reserved 1048576K
}
Event: 2318.691 GC heap before
{Heap before GC invocations=76 (full 0):
 garbage-first heap   total 569344K, used 300031K [0x00000006e0000000, 0x0000000800000000)
  region size 4096K, 6 young (24576K), 4 survivors (16384K)
 Metaspace       used 145784K, committed 146752K, reserved 1179648K
  class space    used 19439K, committed 19904K, reserved 1048576K
}
Event: 2318.710 GC heap after
{Heap after GC invocations=77 (full 0):
 garbage-first heap   total 1249280K, used 285345K [0x00000006e0000000, 0x0000000800000000)
  region size 4096K, 1 young (4096K), 1 survivors (4096K)
 Metaspace       used 145784K, committed 146752K, reserved 1179648K
  class space    used 19439K, committed 19904K, reserved 1048576K
}
Event: 2323.336 GC heap before
{Heap before GC invocations=77 (full 0):
 garbage-first heap   total 1249280K, used 547489K [0x00000006e0000000, 0x0000000800000000)
  region size 4096K, 67 young (274432K), 1 survivors (4096K)
 Metaspace       used 146385K, committed 147328K, reserved 1179648K
  class space    used 19468K, committed 19904K, reserved 1048576K
}
Event: 2323.345 GC heap after
{Heap after GC invocations=78 (full 0):
 garbage-first heap   total 1249280K, used 287735K [0x00000006e0000000, 0x0000000800000000)
  region size 4096K, 1 young (4096K), 1 survivors (4096K)
 Metaspace       used 146385K, committed 147328K, reserved 1179648K
  class space    used 19468K, committed 19904K, reserved 1048576K
}
Event: 7660.677 GC heap before
{Heap before GC invocations=79 (full 0):
 garbage-first heap   total 1024000K, used 902135K [0x00000006e0000000, 0x0000000800000000)
  region size 4096K, 151 young (618496K), 1 survivors (4096K)
 Metaspace       used 147640K, committed 148672K, reserved 1179648K
  class space    used 19538K, committed 20032K, reserved 1048576K
}
Event: 7660.731 GC heap after
{Heap after GC invocations=80 (full 0):
 garbage-first heap   total 1024000K, used 271687K [0x00000006e0000000, 0x0000000800000000)
  region size 4096K, 3 young (12288K), 3 survivors (12288K)
 Metaspace       used 147640K, committed 148672K, reserved 1179648K
  class space    used 19538K, committed 20032K, reserved 1048576K
}
Event: 7661.379 GC heap before
{Heap before GC invocations=80 (full 0):
 garbage-first heap   total 1024000K, used 304455K [0x00000006e0000000, 0x0000000800000000)
  region size 4096K, 12 young (49152K), 3 survivors (12288K)
 Metaspace       used 147704K, committed 148800K, reserved 1179648K
  class space    used 19548K, committed 20032K, reserved 1048576K
}
Event: 7661.504 GC heap after
{Heap after GC invocations=81 (full 0):
 garbage-first heap   total 1024000K, used 212123K [0x00000006e0000000, 0x0000000800000000)
  region size 4096K, 2 young (8192K), 2 survivors (8192K)
 Metaspace       used 147704K, committed 148800K, reserved 1179648K
  class space    used 19548K, committed 20032K, reserved 1048576K
}
Event: 7864.619 GC heap before
{Heap before GC invocations=81 (full 0):
 garbage-first heap   total 1024000K, used 806043K [0x00000006e0000000, 0x0000000800000000)
  region size 4096K, 148 young (606208K), 2 survivors (8192K)
 Metaspace       used 148777K, committed 150080K, reserved 1179648K
  class space    used 19690K, committed 20288K, reserved 1048576K
}
Event: 7864.664 GC heap after
{Heap after GC invocations=82 (full 0):
 garbage-first heap   total 1024000K, used 233950K [0x00000006e0000000, 0x0000000800000000)
  region size 4096K, 8 young (32768K), 8 survivors (32768K)
 Metaspace       used 148777K, committed 150080K, reserved 1179648K
  class space    used 19690K, committed 20288K, reserved 1048576K
}
Event: 7942.608 GC heap before
{Heap before GC invocations=83 (full 0):
 garbage-first heap   total 778240K, used 696798K [0x00000006e0000000, 0x0000000800000000)
  region size 4096K, 127 young (520192K), 8 survivors (32768K)
 Metaspace       used 148907K, committed 150208K, reserved 1179648K
  class space    used 19629K, committed 20288K, reserved 1048576K
}
Event: 7942.685 GC heap after
{Heap after GC invocations=84 (full 0):
 garbage-first heap   total 778240K, used 227319K [0x00000006e0000000, 0x0000000800000000)
  region size 4096K, 10 young (40960K), 10 survivors (40960K)
 Metaspace       used 148907K, committed 150208K, reserved 1179648K
  class space    used 19629K, committed 20288K, reserved 1048576K
}
Event: 7942.706 GC heap before
{Heap before GC invocations=84 (full 0):
 garbage-first heap   total 778240K, used 231415K [0x00000006e0000000, 0x0000000800000000)
  region size 4096K, 11 young (45056K), 10 survivors (40960K)
 Metaspace       used 148910K, committed 150208K, reserved 1179648K
  class space    used 19629K, committed 20288K, reserved 1048576K
}
Event: 7942.803 GC heap after
{Heap after GC invocations=85 (full 0):
 garbage-first heap   total 778240K, used 178930K [0x00000006e0000000, 0x0000000800000000)
  region size 4096K, 1 young (4096K), 1 survivors (4096K)
 Metaspace       used 148910K, committed 150208K, reserved 1179648K
  class space    used 19629K, committed 20288K, reserved 1048576K
}
Event: 8581.141 GC heap before
{Heap before GC invocations=85 (full 0):
 garbage-first heap   total 778240K, used 404210K [0x00000006e0000000, 0x0000000800000000)
  region size 4096K, 58 young (237568K), 1 survivors (4096K)
 Metaspace       used 149403K, committed 150720K, reserved 1245184K
  class space    used 19663K, committed 20288K, reserved 1048576K
}
Event: 8581.171 GC heap after
{Heap after GC invocations=86 (full 0):
 garbage-first heap   total 778240K, used 202466K [0x00000006e0000000, 0x0000000800000000)
  region size 4096K, 7 young (28672K), 7 survivors (28672K)
 Metaspace       used 149403K, committed 150720K, reserved 1245184K
  class space    used 19663K, committed 20288K, reserved 1048576K
}
Event: 8584.348 GC heap before
{Heap before GC invocations=87 (full 0):
 garbage-first heap   total 778240K, used 603874K [0x00000006e0000000, 0x0000000800000000)
  region size 4096K, 103 young (421888K), 7 survivors (28672K)
 Metaspace       used 149450K, committed 150784K, reserved 1245184K
  class space    used 19665K, committed 20288K, reserved 1048576K
}
Event: 8584.582 GC heap after
{Heap after GC invocations=88 (full 0):
 garbage-first heap   total 778240K, used 302364K [0x00000006e0000000, 0x0000000800000000)
  region size 4096K, 13 young (53248K), 13 survivors (53248K)
 Metaspace       used 149450K, committed 150784K, reserved 1245184K
  class space    used 19665K, committed 20288K, reserved 1048576K
}
Event: 8584.708 GC heap before
{Heap before GC invocations=88 (full 0):
 garbage-first heap   total 778240K, used 306460K [0x00000006e0000000, 0x0000000800000000)
  region size 4096K, 14 young (57344K), 13 survivors (53248K)
 Metaspace       used 149450K, committed 150784K, reserved 1245184K
  class space    used 19665K, committed 20288K, reserved 1048576K
}

